<?xml version="1.0" encoding="UTF-8"?>
<!-- Generated by org.testng.reporters.JUnitXMLReporter -->
<testsuite ignored="0" hostname="BLRL-38S7S73" failures="1" tests="6" name="LoginTest" time="42.961" errors="0" timestamp="2021-08-14T17:26:32 IST">
  <testcase classname="com.sg.openemrtest.LoginTest" name="invalidCredentialTest" time="1.338"/>
  <testcase classname="com.sg.openemrtest.LoginTest" name="invalidCredentialTest" time="1.475"/>
  <testcase classname="com.sg.openemrtest.LoginTest" name="invalidCredentialTest" time="1.522">
    <failure type="java.lang.AssertionError" message="expected [Invalid username and password] but found [Invalid username or password]">
      <![CDATA[java.lang.AssertionError: expected [Invalid username and password] but found [Invalid username or password]
at com.sg.openemrtest.LoginTest.invalidCredentialTest(LoginTest.java:134)
at java.base/java.util.ArrayList.forEach(ArrayList.java:1511)
... Removed 33 stack frames]]>
    </failure>
  </testcase> <!-- invalidCredentialTest -->
  <testcase classname="com.sg.openemrtest.LoginTest" name="validCredentialTest" time="3.995"/>
  <testcase classname="com.sg.openemrtest.LoginTest" name="validCredentialTest" time="3.719"/>
  <testcase classname="com.sg.openemrtest.LoginTest" name="validCredentialTest" time="3.836"/>
</testsuite> <!-- LoginTest -->
